<?xml version="1.0" encoding="UTF-8"?>
<testsuite xmlns:xsi="http://www.w3.org/2001/XMLSchema-instance" xsi:noNamespaceSchemaLocation="https://maven.apache.org/surefire/maven-surefire-plugin/xsd/surefire-test-report.xsd" name="com.cs673.teamA.issue_layout.IssueLayoutApplicationTests" time="1.117" tests="1" errors="1" skipped="0" failures="0">
  <properties>
[...]
</properties>
  <testcase name="initializationError" classname="com.cs673.teamA.issue_layout.IssueLayoutApplicationTests" time="0.013">
    <error message="Unable to find a @SpringBootConfiguration, you need to use @ContextConfiguration or @SpringBootTest(classes=...) with your test" type="java.lang.IllegalStateException">java.lang.IllegalStateException: Unable to find a @SpringBootConfiguration, you need to use @ContextConfiguration or @SpringBootTest(classes=...) with your test
</error>
    <system-out><![CDATA[20:20:16.337 [main] DEBUG org.springframework.test.context.junit4.SpringJUnit4ClassRunner - SpringJUnit4ClassRunner constructor called with [class com.cs673.teamA.issue_layout.IssueLayoutApplicationTests]
20:20:16.348 [main] DEBUG org.springframework.test.context.BootstrapUtils - Instantiating CacheAwareContextLoaderDelegate from class [org.springframework.test.context.cache.DefaultCacheAwareContextLoaderDelegate]
20:20:16.362 [main] DEBUG org.springframework.test.context.BootstrapUtils - Instantiating BootstrapContext using constructor [public org.springframework.test.context.support.DefaultBootstrapContext(java.lang.Class,org.springframework.test.context.CacheAwareContextLoaderDelegate)]
20:20:16.397 [main] DEBUG org.springframework.test.context.BootstrapUtils - Instantiating TestContextBootstrapper for test class [com.cs673.teamA.issue_layout.IssueLayoutApplicationTests] from class [org.springframework.boot.test.context.SpringBootTestContextBootstrapper]
20:20:16.426 [main] INFO org.springframework.boot.test.context.SpringBootTestContextBootstrapper - Neither @ContextConfiguration nor @ContextHierarchy found for test class [com.cs673.teamA.issue_layout.IssueLayoutApplicationTests], using SpringBootContextLoader
20:20:16.432 [main] DEBUG org.springframework.test.context.support.AbstractContextLoader - Did not detect default resource location for test class [com.cs673.teamA.issue_layout.IssueLayoutApplicationTests]: class path resource [com/cs673/teamA/issue_layout/IssueLayoutApplicationTests-context.xml] does not exist
20:20:16.436 [main] DEBUG org.springframework.test.context.support.AbstractContextLoader - Did not detect default resource location for test class [com.cs673.teamA.issue_layout.IssueLayoutApplicationTests]: class path resource [com/cs673/teamA/issue_layout/IssueLayoutApplicationTestsContext.groovy] does not exist
20:20:16.437 [main] INFO org.springframework.test.context.support.AbstractContextLoader - Could not detect default resource locations for test class [com.cs673.teamA.issue_layout.IssueLayoutApplicationTests]: no resource found for suffixes {-context.xml, Context.groovy}.
20:20:16.443 [main] INFO org.springframework.test.context.support.AnnotationConfigContextLoaderUtils - Could not detect default configuration classes for test class [com.cs673.teamA.issue_layout.IssueLayoutApplicationTests]: IssueLayoutApplicationTests does not declare any static, non-private, non-final, nested classes annotated with @Configuration.
20:20:16.548 [main] DEBUG org.springframework.test.context.support.ActiveProfilesUtils - Could not find an 'annotation declaring class' for annotation type [org.springframework.test.context.ActiveProfiles] and class [com.cs673.teamA.issue_layout.IssueLayoutApplicationTests]
20:20:16.575 [main] DEBUG org.springframework.core.env.StandardEnvironment - Adding PropertySource 'systemProperties' with lowest search precedence
20:20:16.576 [main] DEBUG org.springframework.core.env.StandardEnvironment - Adding PropertySource 'systemEnvironment' with lowest search precedence
20:20:16.578 [main] DEBUG org.springframework.core.env.StandardEnvironment - Initialized StandardEnvironment with PropertySources [MapPropertySource@1582785598 {name='systemProperties', properties={java.runtime.name=Java(TM) SE Runtime Environment, sun.boot.library.path=/Library/Java/JavaVirtualMachines/jdk1.8.0_161.jdk/Contents/Home/jre/lib, java.vm.version=25.161-b12, gopherProxySet=false, java.vm.vendor=Oracle Corporation, java.vendor.url=http://java.oracle.com/, path.separator=:, java.vm.name=Java HotSpot(TM) 64-Bit Server VM, file.encoding.pkg=sun.io, user.country=TW, sun.java.launcher=SUN_STANDARD, sun.os.patch.level=unknown, java.vm.specification.name=Java Virtual Machine Specification, user.dir=/Users/mac/Desktop/issue_layout, java.runtime.version=1.8.0_161-b12, basedir=/Users/mac/Desktop/issue_layout, java.awt.graphicsenv=sun.awt.CGraphicsEnvironment, java.endorsed.dirs=/Library/Java/JavaVirtualMachines/jdk1.8.0_161.jdk/Contents/Home/jre/lib/endorsed, os.arch=x86_64, surefire.real.class.path=/Users/mac/Desktop/issue_layout/target/surefire/surefirebooter1194945019692178056.jar, java.io.tmpdir=/var/folders/q_/94yy5j5n08q3c61d88172gj80000gn/T/, line.separator=
, java.vm.specification.vendor=Oracle Corporation, os.name=Mac OS X, sun.jnu.encoding=UTF-8, java.library.path=/Users/mac/Library/Java/Extensions:/Library/Java/Extensions:/Network/Library/Java/Extensions:/System/Library/Java/Extensions:/usr/lib/java:., surefire.test.class.path=/Users/mac/Desktop/issue_layout/target/test-classes:/Users/mac/Desktop/issue_layout/target/classes:/Users/mac/.m2/repository/org/springframework/boot/spring-boot-starter-data-jpa/2.0.2.RELEASE/spring-boot-starter-data-jpa-2.0.2.RELEASE.jar:/Users/mac/.m2/repository/org/springframework/boot/spring-boot-starter/2.0.2.RELEASE/spring-boot-starter-2.0.2.RELEASE.jar:/Users/mac/.m2/repository/org/springframework/boot/spring-boot/2.0.2.RELEASE/spring-boot-2.0.2.RELEASE.jar:/Users/mac/.m2/repository/org/springframework/boot/spring-boot-autoconfigure/2.0.2.RELEASE/spring-boot-autoconfigure-2.0.2.RELEASE.jar:/Users/mac/.m2/repository/org/springframework/boot/spring-boot-starter-logging/2.0.2.RELEASE/spring-boot-starter-logging-2.0.2.RELEASE.jar:/Users/mac/.m2/repository/ch/qos/logback/logback-classic/1.2.3/logback-classic-1.2.3.jar:/Users/mac/.m2/repository/ch/qos/logback/logback-core/1.2.3/logback-core-1.2.3.jar:/Users/mac/.m2/repository/org/apache/logging/log4j/log4j-to-slf4j/2.10.0/log4j-to-slf4j-2.10.0.jar:/Users/mac/.m2/repository/org/apache/logging/log4j/log4j-api/2.10.0/log4j-api-2.10.0.jar:/Users/mac/.m2/repository/org/slf4j/jul-to-slf4j/1.7.25/jul-to-slf4j-1.7.25.jar:/Users/mac/.m2/repository/javax/annotation/javax.annotation-api/1.3.2/javax.annotation-api-1.3.2.jar:/Users/mac/.m2/repository/org/yaml/snakeyaml/1.19/snakeyaml-1.19.jar:/Users/mac/.m2/repository/org/springframework/boot/spring-boot-starter-aop/2.0.2.RELEASE/spring-boot-starter-aop-2.0.2.RELEASE.jar:/Users/mac/.m2/repository/org/springframework/spring-aop/5.0.6.RELEASE/spring-aop-5.0.6.RELEASE.jar:/Users/mac/.m2/repository/org/aspectj/aspectjweaver/1.8.13/aspectjweaver-1.8.13.jar:/Users/mac/.m2/repository/org/springframework/boot/spring-boot-starter-jdbc/2.0.2.RELEASE/spring-boot-starter-jdbc-2.0.2.RELEASE.jar:/Users/mac/.m2/repository/com/zaxxer/HikariCP/2.7.9/HikariCP-2.7.9.jar:/Users/mac/.m2/repository/org/springframework/spring-jdbc/5.0.6.RELEASE/spring-jdbc-5.0.6.RELEASE.jar:/Users/mac/.m2/repository/org/hibernate/hibernate-core/5.2.17.Final/hibernate-core-5.2.17.Final.jar:/Users/mac/.m2/repository/org/jboss/logging/jboss-logging/3.3.2.Final/jboss-logging-3.3.2.Final.jar:/Users/mac/.m2/repository/org/hibernate/javax/persistence/hibernate-jpa-2.1-api/1.0.0.Final/hibernate-jpa-2.1-api-1.0.0.Final.jar:/Users/mac/.m2/repository/org/javassist/javassist/3.22.0-GA/javassist-3.22.0-GA.jar:/Users/mac/.m2/repository/antlr/antlr/2.7.7/antlr-2.7.7.jar:/Users/mac/.m2/repository/org/jboss/jandex/2.0.3.Final/jandex-2.0.3.Final.jar:/Users/mac/.m2/repository/com/fasterxml/classmate/1.3.4/classmate-1.3.4.jar:/Users/mac/.m2/repository/dom4j/dom4j/1.6.1/dom4j-1.6.1.jar:/Users/mac/.m2/repository/org/hibernate/common/hibernate-commons-annotations/5.0.1.Final/hibernate-commons-annotations-5.0.1.Final.jar:/Users/mac/.m2/repository/javax/transaction/javax.transaction-api/1.2/javax.transaction-api-1.2.jar:/Users/mac/.m2/repository/org/springframework/data/spring-data-jpa/2.0.7.RELEASE/spring-data-jpa-2.0.7.RELEASE.jar:/Users/mac/.m2/repository/org/springframework/data/spring-data-commons/2.0.7.RELEASE/spring-data-commons-2.0.7.RELEASE.jar:/Users/mac/.m2/repository/org/springframework/spring-orm/5.0.6.RELEASE/spring-orm-5.0.6.RELEASE.jar:/Users/mac/.m2/repository/org/springframework/spring-context/5.0.6.RELEASE/spring-context-5.0.6.RELEASE.jar:/Users/mac/.m2/repository/org/springframework/spring-expression/5.0.6.RELEASE/spring-expression-5.0.6.RELEASE.jar:/Users/mac/.m2/repository/org/springframework/spring-tx/5.0.6.RELEASE/spring-tx-5.0.6.RELEASE.jar:/Users/mac/.m2/repository/org/springframework/spring-beans/5.0.6.RELEASE/spring-beans-5.0.6.RELEASE.jar:/Users/mac/.m2/repository/org/slf4j/slf4j-api/1.7.25/slf4j-api-1.7.25.jar:/Users/mac/.m2/repository/org/springframework/spring-aspects/5.0.6.RELEASE/spring-aspects-5.0.6.RELEASE.jar:/Users/mac/.m2/repository/com/vaadin/vaadin-spring-boot-starter/3.0.0/vaadin-spring-boot-starter-3.0.0.jar:/Users/mac/.m2/repository/com/vaadin/vaadin-spring-boot/3.0.0/vaadin-spring-boot-3.0.0.jar:/Users/mac/.m2/repository/com/vaadin/vaadin-spring/3.0.0/vaadin-spring-3.0.0.jar:/Users/mac/.m2/repository/com/vaadin/vaadin-server/8.4.1/vaadin-server-8.4.1.jar:/Users/mac/.m2/repository/com/vaadin/vaadin-sass-compiler/0.9.13/vaadin-sass-compiler-0.9.13.jar:/Users/mac/.m2/repository/org/w3c/css/sac/1.3/sac-1.3.jar:/Users/mac/.m2/repository/com/vaadin/external/flute/flute/1.3.0.gg2/flute-1.3.0.gg2.jar:/Users/mac/.m2/repository/com/vaadin/vaadin-shared/8.4.1/vaadin-shared-8.4.1.jar:/Users/mac/.m2/repository/org/jsoup/jsoup/1.11.2/jsoup-1.11.2.jar:/Users/mac/.m2/repository/com/vaadin/external/gentyref/1.2.0.vaadin1/gentyref-1.2.0.vaadin1.jar:/Users/mac/.m2/repository/org/springframework/spring-webmvc/5.0.6.RELEASE/spring-webmvc-5.0.6.RELEASE.jar:/Users/mac/.m2/repository/org/springframework/boot/spring-boot-starter-web/2.0.2.RELEASE/spring-boot-starter-web-2.0.2.RELEASE.jar:/Users/mac/.m2/repository/org/springframework/boot/spring-boot-starter-json/2.0.2.RELEASE/spring-boot-starter-json-2.0.2.RELEASE.jar:/Users/mac/.m2/repository/com/fasterxml/jackson/core/jackson-databind/2.9.5/jackson-databind-2.9.5.jar:/Users/mac/.m2/repository/com/fasterxml/jackson/core/jackson-annotations/2.9.0/jackson-annotations-2.9.0.jar:/Users/mac/.m2/repository/com/fasterxml/jackson/core/jackson-core/2.9.5/jackson-core-2.9.5.jar:/Users/mac/.m2/repository/com/fasterxml/jackson/datatype/jackson-datatype-jdk8/2.9.5/jackson-datatype-jdk8-2.9.5.jar:/Users/mac/.m2/repository/com/fasterxml/jackson/datatype/jackson-datatype-jsr310/2.9.5/jackson-datatype-jsr310-2.9.5.jar:/Users/mac/.m2/repository/com/fasterxml/jackson/module/jackson-module-parameter-names/2.9.5/jackson-module-parameter-names-2.9.5.jar:/Users/mac/.m2/repository/org/springframework/boot/spring-boot-starter-tomcat/2.0.2.RELEASE/spring-boot-starter-tomcat-2.0.2.RELEASE.jar:/Users/mac/.m2/repository/org/apache/tomcat/embed/tomcat-embed-core/8.5.31/tomcat-embed-core-8.5.31.jar:/Users/mac/.m2/repository/org/apache/tomcat/embed/tomcat-embed-el/8.5.31/tomcat-embed-el-8.5.31.jar:/Users/mac/.m2/repository/org/apache/tomcat/embed/tomcat-embed-websocket/8.5.31/tomcat-embed-websocket-8.5.31.jar:/Users/mac/.m2/repository/org/hibernate/validator/hibernate-validator/6.0.9.Final/hibernate-validator-6.0.9.Final.jar:/Users/mac/.m2/repository/javax/validation/validation-api/2.0.1.Final/validation-api-2.0.1.Final.jar:/Users/mac/.m2/repository/org/springframework/spring-web/5.0.6.RELEASE/spring-web-5.0.6.RELEASE.jar:/Users/mac/.m2/repository/com/vaadin/vaadin-themes/8.4.1/vaadin-themes-8.4.1.jar:/Users/mac/.m2/repository/com/vaadin/vaadin-client-compiled/8.4.1/vaadin-client-compiled-8.4.1.jar:/Users/mac/.m2/repository/org/springframework/boot/spring-boot-starter-test/2.0.2.RELEASE/spring-boot-starter-test-2.0.2.RELEASE.jar:/Users/mac/.m2/repository/org/springframework/boot/spring-boot-test/2.0.2.RELEASE/spring-boot-test-2.0.2.RELEASE.jar:/Users/mac/.m2/repository/org/springframework/boot/spring-boot-test-autoconfigure/2.0.2.RELEASE/spring-boot-test-autoconfigure-2.0.2.RELEASE.jar:/Users/mac/.m2/repository/com/jayway/jsonpath/json-path/2.4.0/json-path-2.4.0.jar:/Users/mac/.m2/repository/net/minidev/json-smart/2.3/json-smart-2.3.jar:/Users/mac/.m2/repository/net/minidev/accessors-smart/1.2/accessors-smart-1.2.jar:/Users/mac/.m2/repository/org/ow2/asm/asm/5.0.4/asm-5.0.4.jar:/Users/mac/.m2/repository/junit/junit/4.12/junit-4.12.jar:/Users/mac/.m2/repository/org/assertj/assertj-core/3.9.1/assertj-core-3.9.1.jar:/Users/mac/.m2/repository/org/mockito/mockito-core/2.15.0/mockito-core-2.15.0.jar:/Users/mac/.m2/repository/net/bytebuddy/byte-buddy/1.7.11/byte-buddy-1.7.11.jar:/Users/mac/.m2/repository/net/bytebuddy/byte-buddy-agent/1.7.11/byte-buddy-agent-1.7.11.jar:/Users/mac/.m2/repository/org/objenesis/objenesis/2.6/objenesis-2.6.jar:/Users/mac/.m2/repository/org/hamcrest/hamcrest-core/1.3/hamcrest-core-1.3.jar:/Users/mac/.m2/repository/org/hamcrest/hamcrest-library/1.3/hamcrest-library-1.3.jar:/Users/mac/.m2/repository/org/skyscreamer/jsonassert/1.5.0/jsonassert-1.5.0.jar:/Users/mac/.m2/repository/com/vaadin/external/google/android-json/0.0.20131108.vaadin1/android-json-0.0.20131108.vaadin1.jar:/Users/mac/.m2/repository/org/springframework/spring-core/5.0.6.RELEASE/spring-core-5.0.6.RELEASE.jar:/Users/mac/.m2/repository/org/springframework/spring-jcl/5.0.6.RELEASE/spring-jcl-5.0.6.RELEASE.jar:/Users/mac/.m2/repository/org/springframework/spring-test/5.0.6.RELEASE/spring-test-5.0.6.RELEASE.jar:/Users/mac/.m2/repository/org/xmlunit/xmlunit-core/2.5.1/xmlunit-core-2.5.1.jar:, java.specification.name=Java Platform API Specification, java.class.version=52.0, sun.management.compiler=HotSpot 64-Bit Tiered Compilers, os.version=10.11.6, user.home=/Users/mac, user.timezone=America/New_York, java.awt.printerjob=sun.lwawt.macosx.CPrinterJob, file.encoding=UTF-8, java.specification.version=1.8, java.class.path=/Users/mac/Desktop/issue_layout/target/test-classes:/Users/mac/Desktop/issue_layout/target/classes:/Users/mac/.m2/repository/org/springframework/boot/spring-boot-starter-data-jpa/2.0.2.RELEASE/spring-boot-starter-data-jpa-2.0.2.RELEASE.jar:/Users/mac/.m2/repository/org/springframework/boot/spring-boot-starter/2.0.2.RELEASE/spring-boot-starter-2.0.2.RELEASE.jar:/Users/mac/.m2/repository/org/springframework/boot/spring-boot/2.0.2.RELEASE/spring-boot-2.0.2.RELEASE.jar:/Users/mac/.m2/repository/org/springframework/boot/spring-boot-autoconfigure/2.0.2.RELEASE/spring-boot-autoconfigure-2.0.2.RELEASE.jar:/Users/mac/.m2/repository/org/springframework/boot/spring-boot-starter-logging/2.0.2.RELEASE/spring-boot-starter-logging-2.0.2.RELEASE.jar:/Users/mac/.m2/repository/ch/qos/logback/logback-classic/1.2.3/logback-classic-1.2.3.jar:/Users/mac/.m2/repository/ch/qos/logback/logback-core/1.2.3/logback-core-1.2.3.jar:/Users/mac/.m2/repository/org/apache/logging/log4j/log4j-to-slf4j/2.10.0/log4j-to-slf4j-2.10.0.jar:/Users/mac/.m2/repository/org/apache/logging/log4j/log4j-api/2.10.0/log4j-api-2.10.0.jar:/Users/mac/.m2/repository/org/slf4j/jul-to-slf4j/1.7.25/jul-to-slf4j-1.7.25.jar:/Users/mac/.m2/repository/javax/annotation/javax.annotation-api/1.3.2/javax.annotation-api-1.3.2.jar:/Users/mac/.m2/repository/org/yaml/snakeyaml/1.19/snakeyaml-1.19.jar:/Users/mac/.m2/repository/org/springframework/boot/spring-boot-starter-aop/2.0.2.RELEASE/spring-boot-starter-aop-2.0.2.RELEASE.jar:/Users/mac/.m2/repository/org/springframework/spring-aop/5.0.6.RELEASE/spring-aop-5.0.6.RELEASE.jar:/Users/mac/.m2/repository/org/aspectj/aspectjweaver/1.8.13/aspectjweaver-1.8.13.jar:/Users/mac/.m2/repository/org/springframework/boot/spring-boot-starter-jdbc/2.0.2.RELEASE/spring-boot-starter-jdbc-2.0.2.RELEASE.jar:/Users/mac/.m2/repository/com/zaxxer/HikariCP/2.7.9/HikariCP-2.7.9.jar:/Users/mac/.m2/repository/org/springframework/spring-jdbc/5.0.6.RELEASE/spring-jdbc-5.0.6.RELEASE.jar:/Users/mac/.m2/repository/org/hibernate/hibernate-core/5.2.17.Final/hibernate-core-5.2.17.Final.jar:/Users/mac/.m2/repository/org/jboss/logging/jboss-logging/3.3.2.Final/jboss-logging-3.3.2.Final.jar:/Users/mac/.m2/repository/org/hibernate/javax/persistence/hibernate-jpa-2.1-api/1.0.0.Final/hibernate-jpa-2.1-api-1.0.0.Final.jar:/Users/mac/.m2/repository/org/javassist/javassist/3.22.0-GA/javassist-3.22.0-GA.jar:/Users/mac/.m2/repository/antlr/antlr/2.7.7/antlr-2.7.7.jar:/Users/mac/.m2/repository/org/jboss/jandex/2.0.3.Final/jandex-2.0.3.Final.jar:/Users/mac/.m2/repository/com/fasterxml/classmate/1.3.4/classmate-1.3.4.jar:/Users/mac/.m2/repository/dom4j/dom4j/1.6.1/dom4j-1.6.1.jar:/Users/mac/.m2/repository/org/hibernate/common/hibernate-commons-annotations/5.0.1.Final/hibernate-commons-annotations-5.0.1.Final.jar:/Users/mac/.m2/repository/javax/transaction/javax.transaction-api/1.2/javax.transaction-api-1.2.jar:/Users/mac/.m2/repository/org/springframework/data/spring-data-jpa/2.0.7.RELEASE/spring-data-jpa-2.0.7.RELEASE.jar:/Users/mac/.m2/repository/org/springframework/data/spring-data-commons/2.0.7.RELEASE/spring-data-commons-2.0.7.RELEASE.jar:/Users/mac/.m2/repository/org/springframework/spring-orm/5.0.6.RELEASE/spring-orm-5.0.6.RELEASE.jar:/Users/mac/.m2/repository/org/springframework/spring-context/5.0.6.RELEASE/spring-context-5.0.6.RELEASE.jar:/Users/mac/.m2/repository/org/springframework/spring-expression/5.0.6.RELEASE/spring-expression-5.0.6.RELEASE.jar:/Users/mac/.m2/repository/org/springframework/spring-tx/5.0.6.RELEASE/spring-tx-5.0.6.RELEASE.jar:/Users/mac/.m2/repository/org/springframework/spring-beans/5.0.6.RELEASE/spring-beans-5.0.6.RELEASE.jar:/Users/mac/.m2/repository/org/slf4j/slf4j-api/1.7.25/slf4j-api-1.7.25.jar:/Users/mac/.m2/repository/org/springframework/spring-aspects/5.0.6.RELEASE/spring-aspects-5.0.6.RELEASE.jar:/Users/mac/.m2/repository/com/vaadin/vaadin-spring-boot-starter/3.0.0/vaadin-spring-boot-starter-3.0.0.jar:/Users/mac/.m2/repository/com/vaadin/vaadin-spring-boot/3.0.0/vaadin-spring-boot-3.0.0.jar:/Users/mac/.m2/repository/com/vaadin/vaadin-spring/3.0.0/vaadin-spring-3.0.0.jar:/Users/mac/.m2/repository/com/vaadin/vaadin-server/8.4.1/vaadin-server-8.4.1.jar:/Users/mac/.m2/repository/com/vaadin/vaadin-sass-compiler/0.9.13/vaadin-sass-compiler-0.9.13.jar:/Users/mac/.m2/repository/org/w3c/css/sac/1.3/sac-1.3.jar:/Users/mac/.m2/repository/com/vaadin/external/flute/flute/1.3.0.gg2/flute-1.3.0.gg2.jar:/Users/mac/.m2/repository/com/vaadin/vaadin-shared/8.4.1/vaadin-shared-8.4.1.jar:/Users/mac/.m2/repository/org/jsoup/jsoup/1.11.2/jsoup-1.11.2.jar:/Users/mac/.m2/repository/com/vaadin/external/gentyref/1.2.0.vaadin1/gentyref-1.2.0.vaadin1.jar:/Users/mac/.m2/repository/org/springframework/spring-webmvc/5.0.6.RELEASE/spring-webmvc-5.0.6.RELEASE.jar:/Users/mac/.m2/repository/org/springframework/boot/spring-boot-starter-web/2.0.2.RELEASE/spring-boot-starter-web-2.0.2.RELEASE.jar:/Users/mac/.m2/repository/org/springframework/boot/spring-boot-starter-json/2.0.2.RELEASE/spring-boot-starter-json-2.0.2.RELEASE.jar:/Users/mac/.m2/repository/com/fasterxml/jackson/core/jackson-databind/2.9.5/jackson-databind-2.9.5.jar:/Users/mac/.m2/repository/com/fasterxml/jackson/core/jackson-annotations/2.9.0/jackson-annotations-2.9.0.jar:/Users/mac/.m2/repository/com/fasterxml/jackson/core/jackson-core/2.9.5/jackson-core-2.9.5.jar:/Users/mac/.m2/repository/com/fasterxml/jackson/datatype/jackson-datatype-jdk8/2.9.5/jackson-datatype-jdk8-2.9.5.jar:/Users/mac/.m2/repository/com/fasterxml/jackson/datatype/jackson-datatype-jsr310/2.9.5/jackson-datatype-jsr310-2.9.5.jar:/Users/mac/.m2/repository/com/fasterxml/jackson/module/jackson-module-parameter-names/2.9.5/jackson-module-parameter-names-2.9.5.jar:/Users/mac/.m2/repository/org/springframework/boot/spring-boot-starter-tomcat/2.0.2.RELEASE/spring-boot-starter-tomcat-2.0.2.RELEASE.jar:/Users/mac/.m2/repository/org/apache/tomcat/embed/tomcat-embed-core/8.5.31/tomcat-embed-core-8.5.31.jar:/Users/mac/.m2/repository/org/apache/tomcat/embed/tomcat-embed-el/8.5.31/tomcat-embed-el-8.5.31.jar:/Users/mac/.m2/repository/org/apache/tomcat/embed/tomcat-embed-websocket/8.5.31/tomcat-embed-websocket-8.5.31.jar:/Users/mac/.m2/repository/org/hibernate/validator/hibernate-validator/6.0.9.Final/hibernate-validator-6.0.9.Final.jar:/Users/mac/.m2/repository/javax/validation/validation-api/2.0.1.Final/validation-api-2.0.1.Final.jar:/Users/mac/.m2/repository/org/springframework/spring-web/5.0.6.RELEASE/spring-web-5.0.6.RELEASE.jar:/Users/mac/.m2/repository/com/vaadin/vaadin-themes/8.4.1/vaadin-themes-8.4.1.jar:/Users/mac/.m2/repository/com/vaadin/vaadin-client-compiled/8.4.1/vaadin-client-compiled-8.4.1.jar:/Users/mac/.m2/repository/org/springframework/boot/spring-boot-starter-test/2.0.2.RELEASE/spring-boot-starter-test-2.0.2.RELEASE.jar:/Users/mac/.m2/repository/org/springframework/boot/spring-boot-test/2.0.2.RELEASE/spring-boot-test-2.0.2.RELEASE.jar:/Users/mac/.m2/repository/org/springframework/boot/spring-boot-test-autoconfigure/2.0.2.RELEASE/spring-boot-test-autoconfigure-2.0.2.RELEASE.jar:/Users/mac/.m2/repository/com/jayway/jsonpath/json-path/2.4.0/json-path-2.4.0.jar:/Users/mac/.m2/repository/net/minidev/json-smart/2.3/json-smart-2.3.jar:/Users/mac/.m2/repository/net/minidev/accessors-smart/1.2/accessors-smart-1.2.jar:/Users/mac/.m2/repository/org/ow2/asm/asm/5.0.4/asm-5.0.4.jar:/Users/mac/.m2/repository/junit/junit/4.12/junit-4.12.jar:/Users/mac/.m2/repository/org/assertj/assertj-core/3.9.1/assertj-core-3.9.1.jar:/Users/mac/.m2/repository/org/mockito/mockito-core/2.15.0/mockito-core-2.15.0.jar:/Users/mac/.m2/repository/net/bytebuddy/byte-buddy/1.7.11/byte-buddy-1.7.11.jar:/Users/mac/.m2/repository/net/bytebuddy/byte-buddy-agent/1.7.11/byte-buddy-agent-1.7.11.jar:/Users/mac/.m2/repository/org/objenesis/objenesis/2.6/objenesis-2.6.jar:/Users/mac/.m2/repository/org/hamcrest/hamcrest-core/1.3/hamcrest-core-1.3.jar:/Users/mac/.m2/repository/org/hamcrest/hamcrest-library/1.3/hamcrest-library-1.3.jar:/Users/mac/.m2/repository/org/skyscreamer/jsonassert/1.5.0/jsonassert-1.5.0.jar:/Users/mac/.m2/repository/com/vaadin/external/google/android-json/0.0.20131108.vaadin1/android-json-0.0.20131108.vaadin1.jar:/Users/mac/.m2/repository/org/springframework/spring-core/5.0.6.RELEASE/spring-core-5.0.6.RELEASE.jar:/Users/mac/.m2/repository/org/springframework/spring-jcl/5.0.6.RELEASE/spring-jcl-5.0.6.RELEASE.jar:/Users/mac/.m2/repository/org/springframework/spring-test/5.0.6.RELEASE/spring-test-5.0.6.RELEASE.jar:/Users/mac/.m2/repository/org/xmlunit/xmlunit-core/2.5.1/xmlunit-core-2.5.1.jar:, user.name=mac, java.vm.specification.version=1.8, sun.java.command=/Users/mac/Desktop/issue_layout/target/surefire/surefirebooter1194945019692178056.jar /Users/mac/Desktop/issue_layout/target/surefire 2018-06-08T20-20-14_810-jvmRun1 surefire7760161874541030071tmp surefire_08963467020589403117tmp, java.home=/Library/Java/JavaVirtualMachines/jdk1.8.0_161.jdk/Contents/Home/jre, sun.arch.data.model=64, user.language=zh, java.specification.vendor=Oracle Corporation, awt.toolkit=sun.lwawt.macosx.LWCToolkit, java.vm.info=mixed mode, java.version=1.8.0_161, java.ext.dirs=/Users/mac/Library/Java/Extensions:/Library/Java/JavaVirtualMachines/jdk1.8.0_161.jdk/Contents/Home/jre/lib/ext:/Library/Java/Extensions:/Network/Library/Java/Extensions:/System/Library/Java/Extensions:/usr/lib/java, sun.boot.class.path=/Library/Java/JavaVirtualMachines/jdk1.8.0_161.jdk/Contents/Home/jre/lib/resources.jar:/Library/Java/JavaVirtualMachines/jdk1.8.0_161.jdk/Contents/Home/jre/lib/rt.jar:/Library/Java/JavaVirtualMachines/jdk1.8.0_161.jdk/Contents/Home/jre/lib/sunrsasign.jar:/Library/Java/JavaVirtualMachines/jdk1.8.0_161.jdk/Contents/Home/jre/lib/jsse.jar:/Library/Java/JavaVirtualMachines/jdk1.8.0_161.jdk/Contents/Home/jre/lib/jce.jar:/Library/Java/JavaVirtualMachines/jdk1.8.0_161.jdk/Contents/Home/jre/lib/charsets.jar:/Library/Java/JavaVirtualMachines/jdk1.8.0_161.jdk/Contents/Home/jre/lib/jfr.jar:/Library/Java/JavaVirtualMachines/jdk1.8.0_161.jdk/Contents/Home/jre/classes, java.vendor=Oracle Corporation, localRepository=/Users/mac/.m2/repository, file.separator=/, java.vendor.url.bug=http://bugreport.sun.com/bugreport/, sun.io.unicode.encoding=UnicodeBig, sun.cpu.endian=little, sun.cpu.isalist=}}, SystemEnvironmentPropertySource@322836221 {name='systemEnvironment', properties={PATH=/Users/mac/.sdkman/candidates/springboot/current/bin:/Users/mac/.sdkman/candidates/maven/current/bin:/Users/mac/.sdkman/candidates/gradle/current/bin:/anaconda3/bin:/Library/Frameworks/Python.framework/Versions/3.6/bin:/Library/Frameworks/Python.framework/Versions/3.6/bin:/usr/local/bin:/usr/bin:/bin:/usr/sbin:/sbin, SDKMAN_VERSION=5.6.4+305, JAVA_HOME=/Library/Java/JavaVirtualMachines/jdk1.8.0_161.jdk/Contents/Home, TERM=xterm-256color, GRADLE_HOME=/Users/mac/.sdkman/candidates/gradle/current, MAVEN_HOME=/Users/mac/.sdkman/candidates/maven/current, SDKMAN_DIR=/Users/mac/.sdkman, LOGNAME=mac, JAVA_MAIN_CLASS_4356=org.codehaus.plexus.classworlds.launcher.Launcher, XPC_SERVICE_NAME=0, PWD=/Users/mac/Desktop/issue_layout, TERM_PROGRAM_VERSION=361.1, MAVEN_CMD_LINE_ARGS= install, SPRINGBOOT_HOME=/Users/mac/.sdkman/candidates/springboot/current, _=/Library/Java/JavaVirtualMachines/jdk1.8.0_161.jdk/Contents/Home/jre/bin/java, SDKMAN_CANDIDATES_DIR=/Users/mac/.sdkman/candidates, SDKMAN_LEGACY_API=https://api.sdkman.io/1, SHELL=/bin/bash, TERM_PROGRAM=Apple_Terminal, MAVEN_PROJECTBASEDIR=/Users/mac/Desktop/issue_layout, OLDPWD=/Users/mac/Desktop/issue_layout, SDKMAN_PLATFORM=Darwin, USER=mac, TMPDIR=/var/folders/q_/94yy5j5n08q3c61d88172gj80000gn/T/, SSH_AUTH_SOCK=/private/tmp/com.apple.launchd.qDJGHJiT71/Listeners, XPC_FLAGS=0x0, TERM_SESSION_ID=4F83BC36-946D-423C-8FAC-2C9FD26BE688, JAVA_MAIN_CLASS_4369=org.apache.maven.surefire.booter.ForkedBooter, __CF_USER_TEXT_ENCODING=0x1F5:0x2:0x35, Apple_PubSub_Socket_Render=/private/tmp/com.apple.launchd.iKngywc8so/Render, LC_CTYPE=UTF-8, HOME=/Users/mac, SHLVL=2, SDKMAN_CURRENT_API=https://api.sdkman.io/2}}]
20:20:16.699 [main] DEBUG org.springframework.core.io.support.PathMatchingResourcePatternResolver - Resolved classpath location [com/cs673/teamA/issue_layout/] to resources [URL [file:/Users/mac/Desktop/issue_layout/target/test-classes/com/cs673/teamA/issue_layout/], URL [file:/Users/mac/Desktop/issue_layout/target/classes/com/cs673/teamA/issue_layout/]]
20:20:16.701 [main] DEBUG org.springframework.core.io.support.PathMatchingResourcePatternResolver - Looking for matching resources in directory tree [/Users/mac/Desktop/issue_layout/target/test-classes/com/cs673/teamA/issue_layout]
20:20:16.701 [main] DEBUG org.springframework.core.io.support.PathMatchingResourcePatternResolver - Searching directory [/Users/mac/Desktop/issue_layout/target/test-classes/com/cs673/teamA/issue_layout] for files matching pattern [/Users/mac/Desktop/issue_layout/target/test-classes/com/cs673/teamA/issue_layout/*.class]
20:20:16.710 [main] DEBUG org.springframework.core.io.support.PathMatchingResourcePatternResolver - Looking for matching resources in directory tree [/Users/mac/Desktop/issue_layout/target/classes/com/cs673/teamA/issue_layout]
20:20:16.710 [main] DEBUG org.springframework.core.io.support.PathMatchingResourcePatternResolver - Searching directory [/Users/mac/Desktop/issue_layout/target/classes/com/cs673/teamA/issue_layout] for files matching pattern [/Users/mac/Desktop/issue_layout/target/classes/com/cs673/teamA/issue_layout/*.class]
20:20:16.711 [main] DEBUG org.springframework.core.io.support.PathMatchingResourcePatternResolver - Resolved location pattern [classpath*:com/cs673/teamA/issue_layout/*.class] to resources [file [/Users/mac/Desktop/issue_layout/target/test-classes/com/cs673/teamA/issue_layout/IssueLayoutApplicationTests.class]]
20:20:16.762 [main] DEBUG org.springframework.core.io.support.PathMatchingResourcePatternResolver - Resolved classpath location [com/cs673/teamA/] to resources [URL [file:/Users/mac/Desktop/issue_layout/target/test-classes/com/cs673/teamA/], URL [file:/Users/mac/Desktop/issue_layout/target/classes/com/cs673/teamA/]]
20:20:16.762 [main] DEBUG org.springframework.core.io.support.PathMatchingResourcePatternResolver - Looking for matching resources in directory tree [/Users/mac/Desktop/issue_layout/target/test-classes/com/cs673/teamA]
20:20:16.762 [main] DEBUG org.springframework.core.io.support.PathMatchingResourcePatternResolver - Searching directory [/Users/mac/Desktop/issue_layout/target/test-classes/com/cs673/teamA] for files matching pattern [/Users/mac/Desktop/issue_layout/target/test-classes/com/cs673/teamA/*.class]
20:20:16.763 [main] DEBUG org.springframework.core.io.support.PathMatchingResourcePatternResolver - Looking for matching resources in directory tree [/Users/mac/Desktop/issue_layout/target/classes/com/cs673/teamA]
20:20:16.763 [main] DEBUG org.springframework.core.io.support.PathMatchingResourcePatternResolver - Searching directory [/Users/mac/Desktop/issue_layout/target/classes/com/cs673/teamA] for files matching pattern [/Users/mac/Desktop/issue_layout/target/classes/com/cs673/teamA/*.class]
20:20:16.764 [main] DEBUG org.springframework.core.io.support.PathMatchingResourcePatternResolver - Resolved location pattern [classpath*:com/cs673/teamA/*.class] to resources []
20:20:16.766 [main] DEBUG org.springframework.core.io.support.PathMatchingResourcePatternResolver - Resolved classpath location [com/cs673/] to resources [URL [file:/Users/mac/Desktop/issue_layout/target/test-classes/com/cs673/], URL [file:/Users/mac/Desktop/issue_layout/target/classes/com/cs673/]]
20:20:16.767 [main] DEBUG org.springframework.core.io.support.PathMatchingResourcePatternResolver - Looking for matching resources in directory tree [/Users/mac/Desktop/issue_layout/target/test-classes/com/cs673]
20:20:16.767 [main] DEBUG org.springframework.core.io.support.PathMatchingResourcePatternResolver - Searching directory [/Users/mac/Desktop/issue_layout/target/test-classes/com/cs673] for files matching pattern [/Users/mac/Desktop/issue_layout/target/test-classes/com/cs673/*.class]
20:20:16.768 [main] DEBUG org.springframework.core.io.support.PathMatchingResourcePatternResolver - Looking for matching resources in directory tree [/Users/mac/Desktop/issue_layout/target/classes/com/cs673]
20:20:16.769 [main] DEBUG org.springframework.core.io.support.PathMatchingResourcePatternResolver - Searching directory [/Users/mac/Desktop/issue_layout/target/classes/com/cs673] for files matching pattern [/Users/mac/Desktop/issue_layout/target/classes/com/cs673/*.class]
20:20:16.769 [main] DEBUG org.springframework.core.io.support.PathMatchingResourcePatternResolver - Resolved location pattern [classpath*:com/cs673/*.class] to resources []
20:20:16.775 [main] DEBUG org.springframework.core.io.support.PathMatchingResourcePatternResolver - Resolved classpath location [com/] to resources [URL [jar:file:/Library/Java/JavaVirtualMachines/jdk1.8.0_161.jdk/Contents/Home/jre/lib/ext/jfxrt.jar!/com/], URL [jar:file:/System/Library/Java/Extensions/MRJToolkit.jar!/com/], URL [file:/Users/mac/Desktop/issue_layout/target/test-classes/com/], URL [file:/Users/mac/Desktop/issue_layout/target/classes/com/], URL [jar:file:/Users/mac/.m2/repository/com/zaxxer/HikariCP/2.7.9/HikariCP-2.7.9.jar!/com/], URL [jar:file:/Users/mac/.m2/repository/com/fasterxml/classmate/1.3.4/classmate-1.3.4.jar!/com/], URL [jar:file:/Users/mac/.m2/repository/com/vaadin/vaadin-spring-boot/3.0.0/vaadin-spring-boot-3.0.0.jar!/com/], URL [jar:file:/Users/mac/.m2/repository/com/vaadin/vaadin-spring/3.0.0/vaadin-spring-3.0.0.jar!/com/], URL [jar:file:/Users/mac/.m2/repository/com/vaadin/vaadin-server/8.4.1/vaadin-server-8.4.1.jar!/com/], URL [jar:file:/Users/mac/.m2/repository/com/vaadin/vaadin-sass-compiler/0.9.13/vaadin-sass-compiler-0.9.13.jar!/com/], URL [jar:file:/Users/mac/.m2/repository/com/vaadin/vaadin-shared/8.4.1/vaadin-shared-8.4.1.jar!/com/], URL [jar:file:/Users/mac/.m2/repository/com/vaadin/external/gentyref/1.2.0.vaadin1/gentyref-1.2.0.vaadin1.jar!/com/], URL [jar:file:/Users/mac/.m2/repository/com/fasterxml/jackson/core/jackson-databind/2.9.5/jackson-databind-2.9.5.jar!/com/], URL [jar:file:/Users/mac/.m2/repository/com/fasterxml/jackson/core/jackson-annotations/2.9.0/jackson-annotations-2.9.0.jar!/com/], URL [jar:file:/Users/mac/.m2/repository/com/fasterxml/jackson/core/jackson-core/2.9.5/jackson-core-2.9.5.jar!/com/], URL [jar:file:/Users/mac/.m2/repository/com/fasterxml/jackson/datatype/jackson-datatype-jdk8/2.9.5/jackson-datatype-jdk8-2.9.5.jar!/com/], URL [jar:file:/Users/mac/.m2/repository/com/fasterxml/jackson/datatype/jackson-datatype-jsr310/2.9.5/jackson-datatype-jsr310-2.9.5.jar!/com/], URL [jar:file:/Users/mac/.m2/repository/com/fasterxml/jackson/module/jackson-module-parameter-names/2.9.5/jackson-module-parameter-names-2.9.5.jar!/com/], URL [jar:file:/Users/mac/.m2/repository/com/vaadin/vaadin-themes/8.4.1/vaadin-themes-8.4.1.jar!/com/], URL [jar:file:/Users/mac/.m2/repository/com/vaadin/vaadin-client-compiled/8.4.1/vaadin-client-compiled-8.4.1.jar!/com/], URL [jar:file:/Users/mac/.m2/repository/com/jayway/jsonpath/json-path/2.4.0/json-path-2.4.0.jar!/com/]]
20:20:16.775 [main] DEBUG org.springframework.core.io.support.PathMatchingResourcePatternResolver - Looking for matching resources in jar file [file:/Library/Java/JavaVirtualMachines/jdk1.8.0_161.jdk/Contents/Home/jre/lib/ext/jfxrt.jar]
20:20:16.848 [main] DEBUG org.springframework.core.io.support.PathMatchingResourcePatternResolver - Looking for matching resources in jar file [file:/System/Library/Java/Extensions/MRJToolkit.jar]
20:20:16.849 [main] DEBUG org.springframework.core.io.support.PathMatchingResourcePatternResolver - Looking for matching resources in directory tree [/Users/mac/Desktop/issue_layout/target/test-classes/com]
20:20:16.850 [main] DEBUG org.springframework.core.io.support.PathMatchingResourcePatternResolver - Searching directory [/Users/mac/Desktop/issue_layout/target/test-classes/com] for files matching pattern [/Users/mac/Desktop/issue_layout/target/test-classes/com/*.class]
20:20:16.852 [main] DEBUG org.springframework.core.io.support.PathMatchingResourcePatternResolver - Looking for matching resources in directory tree [/Users/mac/Desktop/issue_layout/target/classes/com]
20:20:16.853 [main] DEBUG org.springframework.core.io.support.PathMatchingResourcePatternResolver - Searching directory [/Users/mac/Desktop/issue_layout/target/classes/com] for files matching pattern [/Users/mac/Desktop/issue_layout/target/classes/com/*.class]
20:20:16.855 [main] DEBUG org.springframework.core.io.support.PathMatchingResourcePatternResolver - Looking for matching resources in jar file [file:/Users/mac/.m2/repository/com/zaxxer/HikariCP/2.7.9/HikariCP-2.7.9.jar]
20:20:16.858 [main] DEBUG org.springframework.core.io.support.PathMatchingResourcePatternResolver - Looking for matching resources in jar file [file:/Users/mac/.m2/repository/com/fasterxml/classmate/1.3.4/classmate-1.3.4.jar]
20:20:16.860 [main] DEBUG org.springframework.core.io.support.PathMatchingResourcePatternResolver - Looking for matching resources in jar file [file:/Users/mac/.m2/repository/com/vaadin/vaadin-spring-boot/3.0.0/vaadin-spring-boot-3.0.0.jar]
20:20:16.861 [main] DEBUG org.springframework.core.io.support.PathMatchingResourcePatternResolver - Looking for matching resources in jar file [file:/Users/mac/.m2/repository/com/vaadin/vaadin-spring/3.0.0/vaadin-spring-3.0.0.jar]
20:20:16.862 [main] DEBUG org.springframework.core.io.support.PathMatchingResourcePatternResolver - Looking for matching resources in jar file [file:/Users/mac/.m2/repository/com/vaadin/vaadin-server/8.4.1/vaadin-server-8.4.1.jar]
20:20:16.880 [main] DEBUG org.springframework.core.io.support.PathMatchingResourcePatternResolver - Looking for matching resources in jar file [file:/Users/mac/.m2/repository/com/vaadin/vaadin-sass-compiler/0.9.13/vaadin-sass-compiler-0.9.13.jar]
20:20:16.884 [main] DEBUG org.springframework.core.io.support.PathMatchingResourcePatternResolver - Looking for matching resources in jar file [file:/Users/mac/.m2/repository/com/vaadin/vaadin-shared/8.4.1/vaadin-shared-8.4.1.jar]
20:20:16.899 [main] DEBUG org.springframework.core.io.support.PathMatchingResourcePatternResolver - Looking for matching resources in jar file [file:/Users/mac/.m2/repository/com/vaadin/external/gentyref/1.2.0.vaadin1/gentyref-1.2.0.vaadin1.jar]
20:20:16.900 [main] DEBUG org.springframework.core.io.support.PathMatchingResourcePatternResolver - Looking for matching resources in jar file [file:/Users/mac/.m2/repository/com/fasterxml/jackson/core/jackson-databind/2.9.5/jackson-databind-2.9.5.jar]
20:20:16.906 [main] DEBUG org.springframework.core.io.support.PathMatchingResourcePatternResolver - Looking for matching resources in jar file [file:/Users/mac/.m2/repository/com/fasterxml/jackson/core/jackson-annotations/2.9.0/jackson-annotations-2.9.0.jar]
20:20:16.910 [main] DEBUG org.springframework.core.io.support.PathMatchingResourcePatternResolver - Looking for matching resources in jar file [file:/Users/mac/.m2/repository/com/fasterxml/jackson/core/jackson-core/2.9.5/jackson-core-2.9.5.jar]
20:20:16.913 [main] DEBUG org.springframework.core.io.support.PathMatchingResourcePatternResolver - Looking for matching resources in jar file [file:/Users/mac/.m2/repository/com/fasterxml/jackson/datatype/jackson-datatype-jdk8/2.9.5/jackson-datatype-jdk8-2.9.5.jar]
20:20:16.914 [main] DEBUG org.springframework.core.io.support.PathMatchingResourcePatternResolver - Looking for matching resources in jar file [file:/Users/mac/.m2/repository/com/fasterxml/jackson/datatype/jackson-datatype-jsr310/2.9.5/jackson-datatype-jsr310-2.9.5.jar]
20:20:16.916 [main] DEBUG org.springframework.core.io.support.PathMatchingResourcePatternResolver - Looking for matching resources in jar file [file:/Users/mac/.m2/repository/com/fasterxml/jackson/module/jackson-module-parameter-names/2.9.5/jackson-module-parameter-names-2.9.5.jar]
20:20:16.918 [main] DEBUG org.springframework.core.io.support.PathMatchingResourcePatternResolver - Looking for matching resources in jar file [file:/Users/mac/.m2/repository/com/vaadin/vaadin-themes/8.4.1/vaadin-themes-8.4.1.jar]
20:20:16.927 [main] DEBUG org.springframework.core.io.support.PathMatchingResourcePatternResolver - Looking for matching resources in jar file [file:/Users/mac/.m2/repository/com/vaadin/vaadin-client-compiled/8.4.1/vaadin-client-compiled-8.4.1.jar]
20:20:16.929 [main] DEBUG org.springframework.core.io.support.PathMatchingResourcePatternResolver - Looking for matching resources in jar file [file:/Users/mac/.m2/repository/com/jayway/jsonpath/json-path/2.4.0/json-path-2.4.0.jar]
20:20:16.932 [main] DEBUG org.springframework.core.io.support.PathMatchingResourcePatternResolver - Resolved location pattern [classpath*:com/*.class] to resources []
]]></system-out>
  </testcase>
</testsuite>